<?xml version="1.0" encoding="UTF-8"?>
<robot generator="Robot 7.1.1 (Python 3.11.2 on win32)" generated="2024-11-25T01:19:28.725196" rpa="false" schemaversion="5">
<suite id="s1" name="Login Tests" source="c:\Users\scapi\Documents\GitHub\Automation_Challenge\Automations\Tests\login_tests.robot">
<test id="s1-t1" name="Exit the system" line="52">
<kw name="Given on the homepage" owner="bank_keywords">
<kw name="Evaluate" owner="BuiltIn">
<msg time="2024-11-25T01:19:29.043049" level="INFO">${chrome options} = &lt;selenium.webdriver.chrome.options.Options object at 0x000001F969ECED10&gt;</msg>
<var>${chrome options}</var>
<arg>sys.modules['selenium.webdriver'].ChromeOptions()</arg>
<arg>sys, selenium.webdriver</arg>
<doc>Evaluates the given expression in Python and returns the result.</doc>
<status status="PASS" start="2024-11-25T01:19:29.042051" elapsed="0.002998"/>
</kw>
<kw name="Set Variable" owner="BuiltIn">
<msg time="2024-11-25T01:19:29.045049" level="INFO">${user data dir} = c:\Users\scapi\Documents\GitHub\Automation_Challenge\Automations\Resources\Variables/../../../chrome_profile</msg>
<var>${user data dir}</var>
<arg>${CHROME_PROFILE_PATH}</arg>
<doc>Returns the given values which can then be assigned to a variables.</doc>
<status status="PASS" start="2024-11-25T01:19:29.045049" elapsed="0.000999"/>
</kw>
<kw name="Evaluate" owner="BuiltIn">
<msg time="2024-11-25T01:19:29.046048" level="INFO">${user data dir} = c:/Users/scapi/Documents/GitHub/Automation_Challenge/Automations/Resources/Variables/../../../chrome_profile</msg>
<var>${user data dir}</var>
<arg>r'''${user data dir}'''.replace('\\\\', '/')</arg>
<doc>Evaluates the given expression in Python and returns the result.</doc>
<status status="PASS" start="2024-11-25T01:19:29.046048" elapsed="0.000000"/>
</kw>
<kw name="Call Method" owner="BuiltIn">
<arg>${chrome options}</arg>
<arg>add_argument</arg>
<arg>--user-data-dir\=${user data dir}</arg>
<doc>Calls the named method of the given object with the provided arguments.</doc>
<status status="PASS" start="2024-11-25T01:19:29.046048" elapsed="0.001000"/>
</kw>
<kw name="Open Browser" owner="SeleniumLibrary">
<msg time="2024-11-25T01:19:29.047048" level="INFO">Opening browser 'Chrome' to base url 'https://bugbank.netlify.app/'.</msg>
<msg time="2024-11-25T01:19:32.002278" level="INFO">Cannot capture screenshot because no browser is open.</msg>
<msg time="2024-11-25T01:19:32.002278" level="FAIL">SessionNotCreatedException: Message: session not created
from unknown error: cannot parse internal JSON template: Line: 1, column: 1, Unexpected token.
Stacktrace:
	GetHandleVerifier [0x00007FF6EBF16CB5+28821]
	(No symbol) [0x00007FF6EBE83840]
	(No symbol) [0x00007FF6EBD2578A]
	(No symbol) [0x00007FF6EBD64DC0]
	(No symbol) [0x00007FF6EBD65356]
	(No symbol) [0x00007FF6EBD5E5CA]
	(No symbol) [0x00007FF6EBD5BAC9]
	(No symbol) [0x00007FF6EBDAA4FA]
	(No symbol) [0x00007FF6EBDA9B30]
	(No symbol) [0x00007FF6EBD9F0A3]
	(No symbol) [0x00007FF6EBD6A778]
	(No symbol) [0x00007FF6EBD6B8E1]
	GetHandleVerifier [0x00007FF6EC24FCAD+3408013]
	GetHandleVerifier [0x00007FF6EC26741F+3504127]
	GetHandleVerifier [0x00007FF6EC25B5FD+3455453]
	GetHandleVerifier [0x00007FF6EBFDBDBB+835995]
	(No symbol) [0x00007FF6EBE8EB5F]
	(No symbol) [0x00007FF6EBE8A814]
	(No symbol) [0x00007FF6EBE8A9AD]
	(No symbol) [0x00007FF6EBE7A199]
	BaseThreadInitThunk [0x00007FFC3A32259D+29]
	RtlUserThreadStart [0x00007FFC3BBCAF38+40]
</msg>
<arg>${BASE_URL}</arg>
<arg>Chrome</arg>
<arg>options=${chrome options}</arg>
<doc>Opens a new browser instance to the optional ``url``.</doc>
<status status="FAIL" start="2024-11-25T01:19:29.047048" elapsed="2.963736">SessionNotCreatedException: Message: session not created
from unknown error: cannot parse internal JSON template: Line: 1, column: 1, Unexpected token.
Stacktrace:
	GetHandleVerifier [0x00007FF6EBF16CB5+28821]
	(No symbol) [0x00007FF6EBE83840]
	(No symbol) [0x00007FF6EBD2578A]
	(No symbol) [0x00007FF6EBD64DC0]
	(No symbol) [0x00007FF6EBD65356]
	(No symbol) [0x00007FF6EBD5E5CA]
	(No symbol) [0x00007FF6EBD5BAC9]
	(No symbol) [0x00007FF6EBDAA4FA]
	(No symbol) [0x00007FF6EBDA9B30]
	(No symbol) [0x00007FF6EBD9F0A3]
	(No symbol) [0x00007FF6EBD6A778]
	(No symbol) [0x00007FF6EBD6B8E1]
	GetHandleVerifier [0x00007FF6EC24FCAD+3408013]
	GetHandleVerifier [0x00007FF6EC26741F+3504127]
	GetHandleVerifier [0x00007FF6EC25B5FD+3455453]
	GetHandleVerifier [0x00007FF6EBFDBDBB+835995]
	(No symbol) [0x00007FF6EBE8EB5F]
	(No symbol) [0x00007FF6EBE8A814]
	(No symbol) [0x00007FF6EBE8A9AD]
	(No symbol) [0x00007FF6EBE7A199]
	BaseThreadInitThunk [0x00007FFC3A32259D+29]
	RtlUserThreadStart [0x00007FFC3BBCAF38+40]
</status>
</kw>
<kw name="Execute Javascript" owner="SeleniumLibrary">
<arg>window.sessionStorage.clear();</arg>
<doc>Executes the given JavaScript code with possible arguments.</doc>
<status status="NOT RUN" start="2024-11-25T01:19:32.010784" elapsed="0.000000"/>
</kw>
<kw name="Maximize Browser Window" owner="SeleniumLibrary">
<doc>Maximizes current browser window.</doc>
<status status="NOT RUN" start="2024-11-25T01:19:32.010784" elapsed="0.000000"/>
</kw>
<kw name="Sleep" owner="BuiltIn">
<arg>3</arg>
<doc>Pauses the test executed for the given time.</doc>
<status status="NOT RUN" start="2024-11-25T01:19:32.011784" elapsed="0.000000"/>
</kw>
<kw name="Input Text" owner="SeleniumLibrary">
<arg>//input[@name='email']</arg>
<arg>${VALID_USER}</arg>
<doc>Types the given ``text`` into the text field identified by ``locator``.</doc>
<status status="NOT RUN" start="2024-11-25T01:19:32.011784" elapsed="0.000000"/>
</kw>
<kw name="Input Text" owner="SeleniumLibrary">
<arg>//input[@name='password']</arg>
<arg>${VALID_PASSWORD}</arg>
<doc>Types the given ``text`` into the text field identified by ``locator``.</doc>
<status status="NOT RUN" start="2024-11-25T01:19:32.011784" elapsed="0.000000"/>
</kw>
<kw name="Click Button" owner="SeleniumLibrary">
<arg>//button[contains(text(),'Acessar')]</arg>
<doc>Clicks the button identified by ``locator``.</doc>
<status status="NOT RUN" start="2024-11-25T01:19:32.011784" elapsed="0.000000"/>
</kw>
<kw name="Wait Until Page Contains Element" owner="SeleniumLibrary">
<arg>//*[@id='textName']</arg>
<arg>timeout=${TIMEOUT}</arg>
<doc>Waits until the element ``locator`` appears on the current page.</doc>
<status status="NOT RUN" start="2024-11-25T01:19:32.011784" elapsed="0.000999"/>
</kw>
<doc>Opens the login page with Chrome profile and logs into the system.</doc>
<status status="FAIL" start="2024-11-25T01:19:29.042051" elapsed="2.970732">SessionNotCreatedException: Message: session not created
from unknown error: cannot parse internal JSON template: Line: 1, column: 1, Unexpected token.
Stacktrace:
	GetHandleVerifier [0x00007FF6EBF16CB5+28821]
	(No symbol) [0x00007FF6EBE83840]
	(No symbol) [0x00007FF6EBD2578A]
	(No symbol) [0x00007FF6EBD64DC0]
	(No symbol) [0x00007FF6EBD65356]
	(No symbol) [0x00007FF6EBD5E5CA]
	(No symbol) [0x00007FF6EBD5BAC9]
	(No symbol) [0x00007FF6EBDAA4FA]
	(No symbol) [0x00007FF6EBDA9B30]
	(No symbol) [0x00007FF6EBD9F0A3]
	(No symbol) [0x00007FF6EBD6A778]
	(No symbol) [0x00007FF6EBD6B8E1]
	GetHandleVerifier [0x00007FF6EC24FCAD+3408013]
	GetHandleVerifier [0x00007FF6EC26741F+3504127]
	GetHandleVerifier [0x00007FF6EC25B5FD+3455453]
	GetHandleVerifier [0x00007FF6EBFDBDBB+835995]
	(No symbol) [0x00007FF6EBE8EB5F]
	(No symbol) [0x00007FF6EBE8A814]
	(No symbol) [0x00007FF6EBE8A9AD]
	(No symbol) [0x00007FF6EBE7A199]
	BaseThreadInitThunk [0x00007FFC3A32259D+29]
	RtlUserThreadStart [0x00007FFC3BBCAF38+40]
</status>
</kw>
<kw name="When clicking the exit button" owner="login_keywords">
<doc>It will try to click on the exit button</doc>
<status status="NOT RUN" start="2024-11-25T01:19:32.013286" elapsed="0.000000"/>
</kw>
<kw name="Then login page is displayed" owner="login_keywords">
<doc>Login page shall be displayed</doc>
<status status="NOT RUN" start="2024-11-25T01:19:32.013286" elapsed="0.000000"/>
</kw>
<kw name="Close Browser" owner="SeleniumLibrary" type="TEARDOWN">
<doc>Closes the current browser.</doc>
<status status="PASS" start="2024-11-25T01:19:32.014290" elapsed="0.000000"/>
</kw>
<doc>Scenario: Tries to logout from the system</doc>
<tag>login</tag>
<tag>positive</tag>
<status status="FAIL" start="2024-11-25T01:19:29.041046" elapsed="2.973244">SessionNotCreatedException: Message: session not created
from unknown error: cannot parse internal JSON template: Line: 1, column: 1, Unexpected token.
Stacktrace:
	GetHandleVerifier [0x00007FF6EBF16CB5+28821]
	(No symbol) [0x00007FF6EBE83840]
	(No symbol) [0x00007FF6EBD2578A]
	(No symbol) [0x00007FF6EBD64DC0]
	(No symbol) [0x00007FF6EBD65356]
	(No symbol) [0x00007FF6EBD5E5CA]
	(No symbol) [0x00007FF6EBD5BAC9]
	(No symbol) [0x00007FF6EBDAA4FA]
	(No symbol) [0x00007FF6EBDA9B30]
	(No symbol) [0x00007FF6EBD9F0A3]
	(No symbol) [0x00007FF6EBD6A778]
	(No symbol) [0x00007FF6EBD6B8E1]
	GetHandleVerifier [0x00007FF6EC24FCAD+3408013]
	GetHandleVerifier [0x00007FF6EC26741F+3504127]
	GetHandleVerifier [0x00007FF6EC25B5FD+3455453]
	GetHandleVerifier [0x00007FF6EBFDBDBB+835995]
	(No symbol) [0x00007FF6EBE8EB5F]
	(No symbol) [0x00007FF6EBE8A814]
	(No symbol) [0x00007FF6EBE8A9AD]
	(No symbol) [0x00007FF6EBE7A199]
	BaseThreadInitThunk [0x00007FFC3A32259D+29]
	RtlUserThreadStart [0x00007FFC3BBCAF38+40]
</status>
</test>
<status status="FAIL" start="2024-11-25T01:19:28.729161" elapsed="3.289129"/>
</suite>
<statistics>
<total>
<stat pass="0" fail="1" skip="0">All Tests</stat>
</total>
<tag>
<stat pass="0" fail="1" skip="0">login</stat>
<stat pass="0" fail="1" skip="0">positive</stat>
</tag>
<suite>
<stat pass="0" fail="1" skip="0" id="s1" name="Login Tests">Login Tests</stat>
</suite>
</statistics>
<errors>
</errors>
</robot>
